<?xml version="1.0" encoding="UTF-8"?>
<!-- Generated by org.testng.reporters.JUnitReportReporter -->
<testsuite hostname="LAPTOP-E5MAE365" name="Business.Gmail" tests="1" failures="0" timestamp="29 Apr 2022 10:52:38 GMT" time="3.144" errors="0">
  <testcase name="gmail" time="3.144" classname="Business.Gmail"/>
</testsuite> <!-- Business.Gmail -->
