<?xml version="1.0" encoding="UTF-8"?>
<!-- Generated by org.testng.reporters.JUnitReportReporter -->
<testsuite hostname="LAPTOP-E5MAE365" name="Business.fb" tests="1" failures="0" timestamp="29 Apr 2022 10:52:38 GMT" time="3.884" errors="0">
  <testcase name="facebook" time="3.884" classname="Business.fb"/>
</testsuite> <!-- Business.fb -->
